 
****************************************
Report : area
Design : bist
Version: W-2024.09-SP5-5
Date   : Tue Apr 28 15:23:53 2026
****************************************

Library(s) Used:

    gtech (File: /eda/synopsys/syn/W-2024.09-SP5-5/libraries/syn/gtech.db)

Number of ports:                          363
Number of nets:                          1457
Number of cells:                          948
Number of combinational cells:            363
Number of sequential cells:               552
Number of macros/black boxes:               0
Number of buf/inv:                         80
Number of references:                      11

Combinational area:                  0.000000
Buf/Inv area:                        0.000000
Noncombinational area:               0.000000
Macro/Black Box area:                0.000000
Net Interconnect area:            1665.952717

Total cell area:                     0.000000
Total area:                       1665.952717

Information: This design contains unmapped logic. (RPT-7)
1
