Information: Updating design information... (UID-85)
 
****************************************
Report : timing
        -path full
        -delay max
        -max_paths 1
Design : bist
Version: W-2024.09-SP5-5
Date   : Tue Apr 28 16:05:33 2026
****************************************

Operating Conditions: ss0p75v125c   Library: saed32lvt_ss0p75v125c
Wire Load Model Mode: enclosed

  Startpoint: BIST_sram/addr_reg_reg[1]
              (rising edge-triggered flip-flop clocked by clk)
  Endpoint: fail_reg (rising edge-triggered flip-flop clocked by clk)
  Path Group: clk
  Path Type: max

  Des/Clust/Port     Wire Load Model       Library
  ------------------------------------------------
  bist               8000                  saed32lvt_ss0p75v125c

  Point                                                   Incr       Path
  --------------------------------------------------------------------------
  clock clk (rise edge)                                   0.00       0.00
  clock network delay (ideal)                             0.01       0.01
  BIST_sram/addr_reg_reg[1]/CLK (DFFX1_LVT)               0.00       0.01 r
  BIST_sram/addr_reg_reg[1]/Q (DFFX1_LVT)                 0.17       0.18 r
  U759/Y (NOR2X0_LVT)                                     0.11       0.30 f
  U799/Y (AND4X1_LVT)                                     0.20       0.49 f
  U973/Y (AO22X1_LVT)                                     0.09       0.59 f
  U974/Y (NOR4X0_LVT)                                     0.11       0.70 r
  U975/Y (NAND4X0_LVT)                                    0.06       0.76 f
  U997/Y (AO22X1_LVT)                                     0.11       0.86 f
  U1127/Y (NOR4X0_LVT)                                    0.16       1.02 r
  U1128/Y (NAND2X0_LVT)                                   0.03       1.05 f
  U1129/Y (AND3X1_LVT)                                    0.08       1.14 f
  fail_reg/D (DFFX1_LVT)                                  0.00       1.14 f
  data arrival time                                                  1.14

  clock clk (rise edge)                                   1.25       1.25
  clock network delay (ideal)                             0.01       1.26
  clock uncertainty                                      -0.01       1.25
  fail_reg/CLK (DFFX1_LVT)                                0.00       1.25 r
  library setup time                                     -0.06       1.19
  data required time                                                 1.19
  --------------------------------------------------------------------------
  data required time                                                 1.19
  data arrival time                                                 -1.14
  --------------------------------------------------------------------------
  slack (MET)                                                        0.05


1
